<?xml version="1.0" encoding="UTF-8"?>
<testsuite xmlns:xsi="http://www.w3.org/2001/XMLSchema-instance" xsi:noNamespaceSchemaLocation="https://maven.apache.org/surefire/maven-surefire-plugin/xsd/surefire-test-report.xsd" version="3.0.2" name="runner.TestRunner" time="99.763" tests="14" errors="2" skipped="0" failures="0">
  <properties>
    <property name="java.specification.version" value="17"/>
    <property name="sun.cpu.isalist" value="amd64"/>
    <property name="sun.jnu.encoding" value="Cp1252"/>
    <property name="java.class.path" value="C:\Users\mohan\HydridFrameWork\CucumberDemoProject\target\test-classes;C:\Users\mohan\HydridFrameWork\CucumberDemoProject\target\classes;C:\Users\mohan\.m2\repository\io\cucumber\cucumber-java\7.23.0\cucumber-java-7.23.0.jar;C:\Users\mohan\.m2\repository\org\apiguardian\apiguardian-api\1.1.2\apiguardian-api-1.1.2.jar;C:\Users\mohan\.m2\repository\junit\junit\4.13.2\junit-4.13.2.jar;C:\Users\mohan\.m2\repository\org\hamcrest\hamcrest-core\1.3\hamcrest-core-1.3.jar;C:\Users\mohan\.m2\repository\io\cucumber\cucumber-junit\7.23.0\cucumber-junit-7.23.0.jar;C:\Users\mohan\.m2\repository\io\cucumber\cucumber-core\7.23.0\cucumber-core-7.23.0.jar;C:\Users\mohan\.m2\repository\io\cucumber\cucumber-gherkin\7.23.0\cucumber-gherkin-7.23.0.jar;C:\Users\mohan\.m2\repository\io\cucumber\cucumber-gherkin-messages\7.23.0\cucumber-gherkin-messages-7.23.0.jar;C:\Users\mohan\.m2\repository\io\cucumber\gherkin\32.1.1\gherkin-32.1.1.jar;C:\Users\mohan\.m2\repository\io\cucumber\messages\27.2.0\messages-27.2.0.jar;C:\Users\mohan\.m2\repository\io\cucumber\testng-xml-formatter\0.3.1\testng-xml-formatter-0.3.1.jar;C:\Users\mohan\.m2\repository\io\cucumber\query\13.3.0\query-13.3.0.jar;C:\Users\mohan\.m2\repository\io\cucumber\tag-expressions\6.1.2\tag-expressions-6.1.2.jar;C:\Users\mohan\.m2\repository\io\cucumber\cucumber-expressions\18.0.1\cucumber-expressions-18.0.1.jar;C:\Users\mohan\.m2\repository\io\cucumber\datatable\7.23.0\datatable-7.23.0.jar;C:\Users\mohan\.m2\repository\io\cucumber\cucumber-plugin\7.23.0\cucumber-plugin-7.23.0.jar;C:\Users\mohan\.m2\repository\io\cucumber\docstring\7.23.0\docstring-7.23.0.jar;C:\Users\mohan\.m2\repository\io\cucumber\html-formatter\21.10.1\html-formatter-21.10.1.jar;C:\Users\mohan\.m2\repository\io\cucumber\junit-xml-formatter\0.7.1\junit-xml-formatter-0.7.1.jar;C:\Users\mohan\.m2\repository\io\cucumber\ci-environment\10.0.1\ci-environment-10.0.1.jar;C:\Users\mohan\.m2\repository\org\seleniumhq\selenium\selenium-java\3.141.59\selenium-java-3.141.59.jar;C:\Users\mohan\.m2\repository\org\seleniumhq\selenium\selenium-api\3.141.59\selenium-api-3.141.59.jar;C:\Users\mohan\.m2\repository\org\seleniumhq\selenium\selenium-chrome-driver\3.141.59\selenium-chrome-driver-3.141.59.jar;C:\Users\mohan\.m2\repository\org\seleniumhq\selenium\selenium-edge-driver\3.141.59\selenium-edge-driver-3.141.59.jar;C:\Users\mohan\.m2\repository\org\seleniumhq\selenium\selenium-firefox-driver\3.141.59\selenium-firefox-driver-3.141.59.jar;C:\Users\mohan\.m2\repository\org\seleniumhq\selenium\selenium-ie-driver\3.141.59\selenium-ie-driver-3.141.59.jar;C:\Users\mohan\.m2\repository\org\seleniumhq\selenium\selenium-opera-driver\3.141.59\selenium-opera-driver-3.141.59.jar;C:\Users\mohan\.m2\repository\org\seleniumhq\selenium\selenium-remote-driver\3.141.59\selenium-remote-driver-3.141.59.jar;C:\Users\mohan\.m2\repository\org\seleniumhq\selenium\selenium-safari-driver\3.141.59\selenium-safari-driver-3.141.59.jar;C:\Users\mohan\.m2\repository\org\seleniumhq\selenium\selenium-support\3.141.59\selenium-support-3.141.59.jar;C:\Users\mohan\.m2\repository\net\bytebuddy\byte-buddy\1.8.15\byte-buddy-1.8.15.jar;C:\Users\mohan\.m2\repository\org\apache\commons\commons-exec\1.3\commons-exec-1.3.jar;C:\Users\mohan\.m2\repository\com\google\guava\guava\25.0-jre\guava-25.0-jre.jar;C:\Users\mohan\.m2\repository\com\google\code\findbugs\jsr305\1.3.9\jsr305-1.3.9.jar;C:\Users\mohan\.m2\repository\org\checkerframework\checker-compat-qual\2.0.0\checker-compat-qual-2.0.0.jar;C:\Users\mohan\.m2\repository\com\google\errorprone\error_prone_annotations\2.1.3\error_prone_annotations-2.1.3.jar;C:\Users\mohan\.m2\repository\com\google\j2objc\j2objc-annotations\1.1\j2objc-annotations-1.1.jar;C:\Users\mohan\.m2\repository\org\codehaus\mojo\animal-sniffer-annotations\1.14\animal-sniffer-annotations-1.14.jar;C:\Users\mohan\.m2\repository\com\squareup\okhttp3\okhttp\3.11.0\okhttp-3.11.0.jar;C:\Users\mohan\.m2\repository\com\squareup\okio\okio\1.14.0\okio-1.14.0.jar;"/>
    <property name="java.vm.vendor" value="Oracle Corporation"/>
    <property name="sun.arch.data.model" value="64"/>
    <property name="user.variant" value=""/>
    <property name="java.vendor.url" value="https://java.oracle.com/"/>
    <property name="user.timezone" value="Asia/Calcutta"/>
    <property name="user.country.format" value="AS"/>
    <property name="os.name" value="Windows 11"/>
    <property name="java.vm.specification.version" value="17"/>
    <property name="sun.java.launcher" value="SUN_STANDARD"/>
    <property name="user.country" value="US"/>
    <property name="sun.boot.library.path" value="C:\Program Files\Java\jdk-17.0.12\bin"/>
    <property name="sun.java.command" value="C:\Users\mohan\AppData\Local\Temp\surefire13309330738023985276\surefirebooter-20250616155119531_3.jar C:\Users\mohan\AppData\Local\Temp\surefire13309330738023985276 2025-06-16T15-51-18_990-jvmRun1 surefire-20250616155119531_1tmp surefire_0-20250616155119531_2tmp"/>
    <property name="jdk.debug" value="release"/>
    <property name="surefire.test.class.path" value="C:\Users\mohan\HydridFrameWork\CucumberDemoProject\target\test-classes;C:\Users\mohan\HydridFrameWork\CucumberDemoProject\target\classes;C:\Users\mohan\.m2\repository\io\cucumber\cucumber-java\7.23.0\cucumber-java-7.23.0.jar;C:\Users\mohan\.m2\repository\org\apiguardian\apiguardian-api\1.1.2\apiguardian-api-1.1.2.jar;C:\Users\mohan\.m2\repository\junit\junit\4.13.2\junit-4.13.2.jar;C:\Users\mohan\.m2\repository\org\hamcrest\hamcrest-core\1.3\hamcrest-core-1.3.jar;C:\Users\mohan\.m2\repository\io\cucumber\cucumber-junit\7.23.0\cucumber-junit-7.23.0.jar;C:\Users\mohan\.m2\repository\io\cucumber\cucumber-core\7.23.0\cucumber-core-7.23.0.jar;C:\Users\mohan\.m2\repository\io\cucumber\cucumber-gherkin\7.23.0\cucumber-gherkin-7.23.0.jar;C:\Users\mohan\.m2\repository\io\cucumber\cucumber-gherkin-messages\7.23.0\cucumber-gherkin-messages-7.23.0.jar;C:\Users\mohan\.m2\repository\io\cucumber\gherkin\32.1.1\gherkin-32.1.1.jar;C:\Users\mohan\.m2\repository\io\cucumber\messages\27.2.0\messages-27.2.0.jar;C:\Users\mohan\.m2\repository\io\cucumber\testng-xml-formatter\0.3.1\testng-xml-formatter-0.3.1.jar;C:\Users\mohan\.m2\repository\io\cucumber\query\13.3.0\query-13.3.0.jar;C:\Users\mohan\.m2\repository\io\cucumber\tag-expressions\6.1.2\tag-expressions-6.1.2.jar;C:\Users\mohan\.m2\repository\io\cucumber\cucumber-expressions\18.0.1\cucumber-expressions-18.0.1.jar;C:\Users\mohan\.m2\repository\io\cucumber\datatable\7.23.0\datatable-7.23.0.jar;C:\Users\mohan\.m2\repository\io\cucumber\cucumber-plugin\7.23.0\cucumber-plugin-7.23.0.jar;C:\Users\mohan\.m2\repository\io\cucumber\docstring\7.23.0\docstring-7.23.0.jar;C:\Users\mohan\.m2\repository\io\cucumber\html-formatter\21.10.1\html-formatter-21.10.1.jar;C:\Users\mohan\.m2\repository\io\cucumber\junit-xml-formatter\0.7.1\junit-xml-formatter-0.7.1.jar;C:\Users\mohan\.m2\repository\io\cucumber\ci-environment\10.0.1\ci-environment-10.0.1.jar;C:\Users\mohan\.m2\repository\org\seleniumhq\selenium\selenium-java\3.141.59\selenium-java-3.141.59.jar;C:\Users\mohan\.m2\repository\org\seleniumhq\selenium\selenium-api\3.141.59\selenium-api-3.141.59.jar;C:\Users\mohan\.m2\repository\org\seleniumhq\selenium\selenium-chrome-driver\3.141.59\selenium-chrome-driver-3.141.59.jar;C:\Users\mohan\.m2\repository\org\seleniumhq\selenium\selenium-edge-driver\3.141.59\selenium-edge-driver-3.141.59.jar;C:\Users\mohan\.m2\repository\org\seleniumhq\selenium\selenium-firefox-driver\3.141.59\selenium-firefox-driver-3.141.59.jar;C:\Users\mohan\.m2\repository\org\seleniumhq\selenium\selenium-ie-driver\3.141.59\selenium-ie-driver-3.141.59.jar;C:\Users\mohan\.m2\repository\org\seleniumhq\selenium\selenium-opera-driver\3.141.59\selenium-opera-driver-3.141.59.jar;C:\Users\mohan\.m2\repository\org\seleniumhq\selenium\selenium-remote-driver\3.141.59\selenium-remote-driver-3.141.59.jar;C:\Users\mohan\.m2\repository\org\seleniumhq\selenium\selenium-safari-driver\3.141.59\selenium-safari-driver-3.141.59.jar;C:\Users\mohan\.m2\repository\org\seleniumhq\selenium\selenium-support\3.141.59\selenium-support-3.141.59.jar;C:\Users\mohan\.m2\repository\net\bytebuddy\byte-buddy\1.8.15\byte-buddy-1.8.15.jar;C:\Users\mohan\.m2\repository\org\apache\commons\commons-exec\1.3\commons-exec-1.3.jar;C:\Users\mohan\.m2\repository\com\google\guava\guava\25.0-jre\guava-25.0-jre.jar;C:\Users\mohan\.m2\repository\com\google\code\findbugs\jsr305\1.3.9\jsr305-1.3.9.jar;C:\Users\mohan\.m2\repository\org\checkerframework\checker-compat-qual\2.0.0\checker-compat-qual-2.0.0.jar;C:\Users\mohan\.m2\repository\com\google\errorprone\error_prone_annotations\2.1.3\error_prone_annotations-2.1.3.jar;C:\Users\mohan\.m2\repository\com\google\j2objc\j2objc-annotations\1.1\j2objc-annotations-1.1.jar;C:\Users\mohan\.m2\repository\org\codehaus\mojo\animal-sniffer-annotations\1.14\animal-sniffer-annotations-1.14.jar;C:\Users\mohan\.m2\repository\com\squareup\okhttp3\okhttp\3.11.0\okhttp-3.11.0.jar;C:\Users\mohan\.m2\repository\com\squareup\okio\okio\1.14.0\okio-1.14.0.jar;"/>
    <property name="sun.cpu.endian" value="little"/>
    <property name="user.home" value="C:\Users\mohan"/>
    <property name="user.language" value="en"/>
    <property name="java.specification.vendor" value="Oracle Corporation"/>
    <property name="java.version.date" value="2024-07-16"/>
    <property name="java.home" value="C:\Program Files\Java\jdk-17.0.12"/>
    <property name="file.separator" value="\"/>
    <property name="basedir" value="C:\Users\mohan\HydridFrameWork\CucumberDemoProject"/>
    <property name="java.vm.compressedOopsMode" value="Zero based"/>
    <property name="line.separator" value="&#10;"/>
    <property name="java.vm.specification.vendor" value="Oracle Corporation"/>
    <property name="java.specification.name" value="Java Platform API Specification"/>
    <property name="surefire.real.class.path" value="C:\Users\mohan\AppData\Local\Temp\surefire13309330738023985276\surefirebooter-20250616155119531_3.jar"/>
    <property name="user.script" value=""/>
    <property name="sun.management.compiler" value="HotSpot 64-Bit Tiered Compilers"/>
    <property name="java.runtime.version" value="17.0.12+8-LTS-286"/>
    <property name="user.name" value="mohan"/>
    <property name="path.separator" value=";"/>
    <property name="os.version" value="10.0"/>
    <property name="java.runtime.name" value="Java(TM) SE Runtime Environment"/>
    <property name="file.encoding" value="Cp1252"/>
    <property name="java.vm.name" value="Java HotSpot(TM) 64-Bit Server VM"/>
    <property name="localRepository" value="C:\Users\mohan\.m2\repository"/>
    <property name="java.vendor.url.bug" value="https://bugreport.java.com/bugreport/"/>
    <property name="java.io.tmpdir" value="C:\Users\mohan\AppData\Local\Temp\"/>
    <property name="java.version" value="17.0.12"/>
    <property name="user.dir" value="C:\Users\mohan\HydridFrameWork\CucumberDemoProject"/>
    <property name="os.arch" value="amd64"/>
    <property name="java.vm.specification.name" value="Java Virtual Machine Specification"/>
    <property name="sun.os.patch.level" value=""/>
    <property name="native.encoding" value="Cp1252"/>
    <property name="java.library.path" value="C:\Program Files\Java\jdk-17.0.12\bin;C:\WINDOWS\Sun\Java\bin;C:\WINDOWS\system32;C:\WINDOWS;C:\Users\mohan\Desktop\Test Environment\fluttersdk\flutter\bin;C:\Program Files\dotnet\;C:\WINDOWS\system32;C:\WINDOWS;C:\WINDOWS\System32\Wbem;C:\WINDOWS\System32\WindowsPowerShell\v1.0\;C:\WINDOWS\System32\OpenSSH\;C:\Program Files\Git\cmd;C:\Program Files\Git\bin;C:\Program Files\Java\jdk-17.0.12\bin;C:\apache-maven-3.9.10\bin;C:\Users\mohan\AppData\Local\Microsoft\WindowsApps;C:\Program Files\Azure Data Studio\bin;C:\Users\mohan\AppData\Local\GitHubDesktop\bin;C:\Users\mohan\AppData\Local\Programs\Microsoft VS Code\bin;;."/>
    <property name="java.vm.info" value="mixed mode, sharing"/>
    <property name="java.vendor" value="Oracle Corporation"/>
    <property name="java.vm.version" value="17.0.12+8-LTS-286"/>
    <property name="sun.io.unicode.encoding" value="UnicodeLittle"/>
    <property name="java.class.version" value="61.0"/>
  </properties>
  <testcase name="Login With valid credential #1" classname="Registered User Login" time="6.67">
    <system-out><![CDATA[
@all @login @validcredential @regression
Scenario Outline: Login With valid credential    &amp#27;[90m# src/test/resources/Features/login.feature:14&amp#27;[0m
  &amp#27;[32mGiven &amp#27;[0m&amp#27;[32mUser navigate to Login page&amp#27;[0m              &amp#27;[90m# testcucumber.Login.user_navigate_to_login_page()&amp#27;[0m
  &amp#27;[32mWhen &amp#27;[0m&amp#27;[32mEnter Valid email address &amp#27;[0m&amp#27;[32m&amp#27;[1mremyz@gmail.com&amp#27;[0m &amp#27;[90m# testcucumber.Login.enter_valid_email_address(java.lang.String)&amp#27;[0m
  &amp#27;[32mAnd &amp#27;[0m&amp#27;[32mEnter Valid password &amp#27;[0m&amp#27;[32m&amp#27;[1m1234&amp#27;[0m                  &amp#27;[90m# testcucumber.Login.enter_valid_password(java.lang.String)&amp#27;[0m
  &amp#27;[32mAnd &amp#27;[0m&amp#27;[32mClick on Login  button&amp#27;[0m                     &amp#27;[90m# testcucumber.Login.c_lick_on_login_button()&amp#27;[0m
  &amp#27;[32mThen &amp#27;[0m&amp#27;[32mSucesfully logged the user&amp#27;[0m                &amp#27;[90m# testcucumber.Login.sucesfully_logged_the_user()&amp#27;[0m
]]></system-out>
    <system-err><![CDATA[Starting ChromeDriver 136.0.7103.49 (031848bc6ad02b97854f3d6154d3aefd0434756a-refs/branch-heads/7103@{#1423}) on port 46049
Only local connections are allowed.
Please see https://chromedriver.chromium.org/security-considerations for suggestions on keeping ChromeDriver safe.
ChromeDriver was started successfully on port 46049.
[1750069283.884][WARNING]: This version of ChromeDriver has not been tested with Chrome version 137.
Jun 16, 2025 3:51:23 PM org.openqa.selenium.remote.ProtocolHandshake createSession
INFO: Detected dialect: W3C
]]></system-err>
  </testcase>
  <testcase name="Login With valid credential #2" classname="Registered User Login" time="5.302">
    <system-out><![CDATA[
@all @login @validcredential @regression
Scenario Outline: Login With valid credential          &amp#27;[90m# src/test/resources/Features/login.feature:15&amp#27;[0m
  &amp#27;[32mGiven &amp#27;[0m&amp#27;[32mUser navigate to Login page&amp#27;[0m                    &amp#27;[90m# testcucumber.Login.user_navigate_to_login_page()&amp#27;[0m
  &amp#27;[32mWhen &amp#27;[0m&amp#27;[32mEnter Valid email address &amp#27;[0m&amp#27;[32m&amp#27;[1mamotooricap@gmail.com&amp#27;[0m &amp#27;[90m# testcucumber.Login.enter_valid_email_address(java.lang.String)&amp#27;[0m
  &amp#27;[32mAnd &amp#27;[0m&amp#27;[32mEnter Valid password &amp#27;[0m&amp#27;[32m&amp#27;[1m12345&amp#27;[0m                       &amp#27;[90m# testcucumber.Login.enter_valid_password(java.lang.String)&amp#27;[0m
  &amp#27;[32mAnd &amp#27;[0m&amp#27;[32mClick on Login  button&amp#27;[0m                           &amp#27;[90m# testcucumber.Login.c_lick_on_login_button()&amp#27;[0m
  &amp#27;[32mThen &amp#27;[0m&amp#27;[32mSucesfully logged the user&amp#27;[0m                      &amp#27;[90m# testcucumber.Login.sucesfully_logged_the_user()&amp#27;[0m
]]></system-out>
    <system-err><![CDATA[Starting ChromeDriver 136.0.7103.49 (031848bc6ad02b97854f3d6154d3aefd0434756a-refs/branch-heads/7103@{#1423}) on port 62792
Only local connections are allowed.
Please see https://chromedriver.chromium.org/security-considerations for suggestions on keeping ChromeDriver safe.
ChromeDriver was started successfully on port 62792.
[1750069289.351][WARNING]: This version of ChromeDriver has not been tested with Chrome version 137.
Jun 16, 2025 3:51:29 PM org.openqa.selenium.remote.ProtocolHandshake createSession
INFO: Detected dialect: W3C
]]></system-err>
  </testcase>
  <testcase name="Login With valid credential #3" classname="Registered User Login" time="5.104">
    <system-out><![CDATA[
@all @login @validcredential @regression
Scenario Outline: Login With valid credential           &amp#27;[90m# src/test/resources/Features/login.feature:16&amp#27;[0m
  &amp#27;[32mGiven &amp#27;[0m&amp#27;[32mUser navigate to Login page&amp#27;[0m                     &amp#27;[90m# testcucumber.Login.user_navigate_to_login_page()&amp#27;[0m
  &amp#27;[32mWhen &amp#27;[0m&amp#27;[32mEnter Valid email address &amp#27;[0m&amp#27;[32m&amp#27;[1mamotooricap3@gmail.com&amp#27;[0m &amp#27;[90m# testcucumber.Login.enter_valid_email_address(java.lang.String)&amp#27;[0m
  &amp#27;[32mAnd &amp#27;[0m&amp#27;[32mEnter Valid password &amp#27;[0m&amp#27;[32m&amp#27;[1m12345&amp#27;[0m                        &amp#27;[90m# testcucumber.Login.enter_valid_password(java.lang.String)&amp#27;[0m
  &amp#27;[32mAnd &amp#27;[0m&amp#27;[32mClick on Login  button&amp#27;[0m                            &amp#27;[90m# testcucumber.Login.c_lick_on_login_button()&amp#27;[0m
  &amp#27;[32mThen &amp#27;[0m&amp#27;[32mSucesfully logged the user&amp#27;[0m                       &amp#27;[90m# testcucumber.Login.sucesfully_logged_the_user()&amp#27;[0m
]]></system-out>
    <system-err><![CDATA[Starting ChromeDriver 136.0.7103.49 (031848bc6ad02b97854f3d6154d3aefd0434756a-refs/branch-heads/7103@{#1423}) on port 53580
Only local connections are allowed.
Please see https://chromedriver.chromium.org/security-considerations for suggestions on keeping ChromeDriver safe.
ChromeDriver was started successfully on port 53580.
[1750069294.621][WARNING]: This version of ChromeDriver has not been tested with Chrome version 137.
Jun 16, 2025 3:51:34 PM org.openqa.selenium.remote.ProtocolHandshake createSession
INFO: Detected dialect: W3C
]]></system-err>
  </testcase>
  <testcase name="Login With Invalid credential" classname="Registered User Login" time="5.045">
    <system-out><![CDATA[
@all @login @Invalidcredential @smoke @regression
Scenario: Login With Invalid credential        &amp#27;[90m# src/test/resources/Features/login.feature:19&amp#27;[0m
  &amp#27;[32mGiven &amp#27;[0m&amp#27;[32mUser navigate to Login page&amp#27;[0m            &amp#27;[90m# testcucumber.Login.user_navigate_to_login_page()&amp#27;[0m
  &amp#27;[32mWhen &amp#27;[0m&amp#27;[32mEnter InValid email address&amp#27;[0m             &amp#27;[90m# testcucumber.Login.enter_invalid_email_address()&amp#27;[0m
  &amp#27;[32mAnd &amp#27;[0m&amp#27;[32mEnter InValid password "&amp#27;[0m&amp#27;[32m&amp#27;[1m123456&amp#27;[0m&amp#27;[32m"&amp#27;[0m          &amp#27;[90m# testcucumber.Login.enter_invalid_password(java.lang.String)&amp#27;[0m
  &amp#27;[32mAnd &amp#27;[0m&amp#27;[32mClick on Login  button&amp#27;[0m                   &amp#27;[90m# testcucumber.Login.c_lick_on_login_button()&amp#27;[0m
  &amp#27;[32mThen &amp#27;[0m&amp#27;[32mProper Warning message should displayed&amp#27;[0m &amp#27;[90m# testcucumber.Login.proper_warning_message_should_displayed()&amp#27;[0m
]]></system-out>
    <system-err><![CDATA[Starting ChromeDriver 136.0.7103.49 (031848bc6ad02b97854f3d6154d3aefd0434756a-refs/branch-heads/7103@{#1423}) on port 27493
Only local connections are allowed.
Please see https://chromedriver.chromium.org/security-considerations for suggestions on keeping ChromeDriver safe.
ChromeDriver was started successfully on port 27493.
[1750069299.745][WARNING]: This version of ChromeDriver has not been tested with Chrome version 137.
Jun 16, 2025 3:51:39 PM org.openqa.selenium.remote.ProtocolHandshake createSession
INFO: Detected dialect: W3C
]]></system-err>
  </testcase>
  <testcase name="Login With Invalid Email Address and Valid Password" classname="Registered User Login" time="5.062">
    <system-out><![CDATA[
@all @login @InvalidEmailAddressandValidPassword @regression
Scenario: Login With Invalid Email Address and Valid Password &amp#27;[90m# src/test/resources/Features/login.feature:26&amp#27;[0m
  &amp#27;[32mGiven &amp#27;[0m&amp#27;[32mUser navigate to Login page&amp#27;[0m                           &amp#27;[90m# testcucumber.Login.user_navigate_to_login_page()&amp#27;[0m
  &amp#27;[32mWhen &amp#27;[0m&amp#27;[32mEnter InValid email address&amp#27;[0m                            &amp#27;[90m# testcucumber.Login.enter_invalid_email_address()&amp#27;[0m
  &amp#27;[32mAnd &amp#27;[0m&amp#27;[32mEnter Valid password &amp#27;[0m&amp#27;[32m&amp#27;[1m"1234"&amp#27;[0m                             &amp#27;[90m# testcucumber.Login.enter_valid_password(java.lang.String)&amp#27;[0m
  &amp#27;[32mAnd &amp#27;[0m&amp#27;[32mClick on Login  button&amp#27;[0m                                  &amp#27;[90m# testcucumber.Login.c_lick_on_login_button()&amp#27;[0m
  &amp#27;[32mThen &amp#27;[0m&amp#27;[32mProper Warning message should displayed&amp#27;[0m                &amp#27;[90m# testcucumber.Login.proper_warning_message_should_displayed()&amp#27;[0m
]]></system-out>
    <system-err><![CDATA[Starting ChromeDriver 136.0.7103.49 (031848bc6ad02b97854f3d6154d3aefd0434756a-refs/branch-heads/7103@{#1423}) on port 61427
Only local connections are allowed.
Please see https://chromedriver.chromium.org/security-considerations for suggestions on keeping ChromeDriver safe.
ChromeDriver was started successfully on port 61427.
[1750069304.717][WARNING]: This version of ChromeDriver has not been tested with Chrome version 137.
Jun 16, 2025 3:51:44 PM org.openqa.selenium.remote.ProtocolHandshake createSession
INFO: Detected dialect: W3C
]]></system-err>
  </testcase>
  <testcase name="Login With valid Email Address and Invalid Password" classname="Registered User Login" time="4.776">
    <system-out><![CDATA[
@all @login @validEmailAddressandInvalidPassword @regression @dev
Scenario: Login With valid Email Address and Invalid Password &amp#27;[90m# src/test/resources/Features/login.feature:33&amp#27;[0m
  &amp#27;[32mGiven &amp#27;[0m&amp#27;[32mUser navigate to Login page&amp#27;[0m                           &amp#27;[90m# testcucumber.Login.user_navigate_to_login_page()&amp#27;[0m
  &amp#27;[32mWhen &amp#27;[0m&amp#27;[32mEnter Valid email address &amp#27;[0m&amp#27;[32m&amp#27;[1m"remyz@gmail.com"&amp#27;[0m            &amp#27;[90m# testcucumber.Login.enter_valid_email_address(java.lang.String)&amp#27;[0m
  &amp#27;[32mAnd &amp#27;[0m&amp#27;[32mEnter InValid password "&amp#27;[0m&amp#27;[32m&amp#27;[1m123478&amp#27;[0m&amp#27;[32m"&amp#27;[0m                         &amp#27;[90m# testcucumber.Login.enter_invalid_password(java.lang.String)&amp#27;[0m
  &amp#27;[32mAnd &amp#27;[0m&amp#27;[32mClick on Login  button&amp#27;[0m                                  &amp#27;[90m# testcucumber.Login.c_lick_on_login_button()&amp#27;[0m
  &amp#27;[32mThen &amp#27;[0m&amp#27;[32mProper Warning message should displayed&amp#27;[0m                &amp#27;[90m# testcucumber.Login.proper_warning_message_should_displayed()&amp#27;[0m
]]></system-out>
    <system-err><![CDATA[Starting ChromeDriver 136.0.7103.49 (031848bc6ad02b97854f3d6154d3aefd0434756a-refs/branch-heads/7103@{#1423}) on port 16966
Only local connections are allowed.
Please see https://chromedriver.chromium.org/security-considerations for suggestions on keeping ChromeDriver safe.
ChromeDriver was started successfully on port 16966.
[1750069309.883][WARNING]: This version of ChromeDriver has not been tested with Chrome version 137.
Jun 16, 2025 3:51:50 PM org.openqa.selenium.remote.ProtocolHandshake createSession
INFO: Detected dialect: W3C
]]></system-err>
  </testcase>
  <testcase name="Register new User with Mandatory fields" classname="Register a new User" time="7.262">
    <system-out><![CDATA[
@all @register @mandatoryfields @smoke @regression
Scenario: Register new User with Mandatory fields &amp#27;[90m# src/test/resources/Features/register.feature:8&amp#27;[0m
  &amp#27;[32mGiven &amp#27;[0m&amp#27;[32mUser Navigate to Register Page&amp#27;[0m            &amp#27;[90m# testcucumber.Register.user_Navigate_to_Register_Page()&amp#27;[0m
  &amp#27;[32mWhen &amp#27;[0m&amp#27;[32mUser Enters below details to fields&amp#27;[0m        &amp#27;[90m# testcucumber.Register.user_enters_below_details_to_fields(io.cucumber.datatable.DataTable)&amp#27;[0m
    | firstname | Remya      |
    | lastname  | Appukuttan |
    | telephone | 1234567890 |
    | password  | 12345      |
  &amp#27;[32mAnd &amp#27;[0m&amp#27;[32mSelect Privacy Policy Field&amp#27;[0m                 &amp#27;[90m# testcucumber.Register.select_Privacy_Policy_Field()&amp#27;[0m
  &amp#27;[32mAnd &amp#27;[0m&amp#27;[32mClick on continue button&amp#27;[0m                    &amp#27;[90m# testcucumber.Register.click_on_continue_button()&amp#27;[0m
  &amp#27;[32mThen &amp#27;[0m&amp#27;[32mAccount should successfully created&amp#27;[0m        &amp#27;[90m# testcucumber.Register.account_should_successfully_created()&amp#27;[0m
]]></system-out>
    <system-err><![CDATA[Starting ChromeDriver 136.0.7103.49 (031848bc6ad02b97854f3d6154d3aefd0434756a-refs/branch-heads/7103@{#1423}) on port 62604
Only local connections are allowed.
Please see https://chromedriver.chromium.org/security-considerations for suggestions on keeping ChromeDriver safe.
ChromeDriver was started successfully on port 62604.
[1750069314.580][WARNING]: This version of ChromeDriver has not been tested with Chrome version 137.
Jun 16, 2025 3:51:54 PM org.openqa.selenium.remote.ProtocolHandshake createSession
INFO: Detected dialect: W3C
]]></system-err>
  </testcase>
  <testcase name="Register new User with All fields" classname="Register a new User" time="7.575">
    <system-out><![CDATA[
@all @register @willallfields @smoke @regression
Scenario: Register new User with All fields &amp#27;[90m# src/test/resources/Features/register.feature:19&amp#27;[0m
  &amp#27;[32mGiven &amp#27;[0m&amp#27;[32mUser Navigate to Register Page&amp#27;[0m      &amp#27;[90m# testcucumber.Register.user_Navigate_to_Register_Page()&amp#27;[0m
  &amp#27;[32mWhen &amp#27;[0m&amp#27;[32mUser Enters below details to fields&amp#27;[0m  &amp#27;[90m# testcucumber.Register.user_enters_below_details_to_fields(io.cucumber.datatable.DataTable)&amp#27;[0m
    | firstname | Remya      |
    | lastname  | Appukuttan |
    | telephone | 1234567890 |
    | password  | 12345      |
  &amp#27;[32mAnd &amp#27;[0m&amp#27;[32mSelect Yes for Newsletter&amp#27;[0m             &amp#27;[90m# testcucumber.Register.select_yes_for_newsletter()&amp#27;[0m
  &amp#27;[32mAnd &amp#27;[0m&amp#27;[32mSelect Privacy Policy Field&amp#27;[0m           &amp#27;[90m# testcucumber.Register.select_Privacy_Policy_Field()&amp#27;[0m
  &amp#27;[32mAnd &amp#27;[0m&amp#27;[32mClick on continue button&amp#27;[0m              &amp#27;[90m# testcucumber.Register.click_on_continue_button()&amp#27;[0m
  &amp#27;[32mThen &amp#27;[0m&amp#27;[32mAccount should successfully created&amp#27;[0m  &amp#27;[90m# testcucumber.Register.account_should_successfully_created()&amp#27;[0m
]]></system-out>
    <system-err><![CDATA[Starting ChromeDriver 136.0.7103.49 (031848bc6ad02b97854f3d6154d3aefd0434756a-refs/branch-heads/7103@{#1423}) on port 64954
Only local connections are allowed.
Please see https://chromedriver.chromium.org/security-considerations for suggestions on keeping ChromeDriver safe.
ChromeDriver was started successfully on port 64954.
[1750069321.905][WARNING]: This version of ChromeDriver has not been tested with Chrome version 137.
Jun 16, 2025 3:52:02 PM org.openqa.selenium.remote.ProtocolHandshake createSession
INFO: Detected dialect: W3C
]]></system-err>
  </testcase>
  <testcase name="Register without providing any fields" classname="Register a new User" time="34.286">
    <error message="Cannot invoke &quot;org.openqa.selenium.WebElement.getText()&quot; because &quot;webelement&quot; is null" type="java.lang.NullPointerException"><![CDATA[java.lang.NullPointerException: Cannot invoke "org.openqa.selenium.WebElement.getText()" because "webelement" is null
	at util.ElementUtils.getTextFromeWebElement(ElementUtils.java:129)
	at pages.RegisterPage.firstNameWarningMessageAlert(RegisterPage.java:134)
	at testcucumber.Register.warning_messages_should_be_displayed_for_all_mandatory_fields(Register.java:107)
	at ✽.Warning messages should be displayed for all mandatory fields(file:///C:/Users/mohan/HydridFrameWork/CucumberDemoProject/src/test/resources/Features/register.feature:34)
]]></error>
    <system-out><![CDATA[
@all @register @withoutprovidinganyfields @regression @ignore
Scenario: Register without providing any fields                      &amp#27;[90m# src/test/resources/Features/register.feature:31&amp#27;[0m
  &amp#27;[32mGiven &amp#27;[0m&amp#27;[32mUser Navigate to Register Page&amp#27;[0m                               &amp#27;[90m# testcucumber.Register.user_Navigate_to_Register_Page()&amp#27;[0m
  &amp#27;[32mWhen &amp#27;[0m&amp#27;[32mUser not providing any details to the fields&amp#27;[0m                  &amp#27;[90m# testcucumber.Register.user_not_providing_any_details_to_the_fields()&amp#27;[0m
  &amp#27;[32mAnd &amp#27;[0m&amp#27;[32mClick on continue button&amp#27;[0m                                       &amp#27;[90m# testcucumber.Register.click_on_continue_button()&amp#27;[0m
  &amp#27;[31mThen &amp#27;[0m&amp#27;[31mWarning messages should be displayed for all mandatory fields&amp#27;[0m &amp#27;[90m# testcucumber.Register.warning_messages_should_be_displayed_for_all_mandatory_fields()&amp#27;[0m
      &amp#27;[31mjava.lang.NullPointerException: Cannot invoke "org.openqa.selenium.WebElement.getText()" because "webelement" is null
      	at util.ElementUtils.getTextFromeWebElement(ElementUtils.java:129)
      	at pages.RegisterPage.firstNameWarningMessageAlert(RegisterPage.java:134)
      	at testcucumber.Register.warning_messages_should_be_displayed_for_all_mandatory_fields(Register.java:107)
      	at âœ½.Warning messages should be displayed for all mandatory fields(file:///C:/Users/mohan/HydridFrameWork/CucumberDemoProject/src/test/resources/Features/register.feature:34)&amp#27;[0m

    Embedding Register_without_providing_any_fields [image/png 100596 bytes]

]]></system-out>
    <system-err><![CDATA[Starting ChromeDriver 136.0.7103.49 (031848bc6ad02b97854f3d6154d3aefd0434756a-refs/branch-heads/7103@{#1423}) on port 15409
Only local connections are allowed.
Please see https://chromedriver.chromium.org/security-considerations for suggestions on keeping ChromeDriver safe.
ChromeDriver was started successfully on port 15409.
[1750069329.450][WARNING]: This version of ChromeDriver has not been tested with Chrome version 137.
Jun 16, 2025 3:52:09 PM org.openqa.selenium.remote.ProtocolHandshake createSession
INFO: Detected dialect: W3C
org.openqa.selenium.TimeoutException: Expected condition failed: waiting for element to be clickable: Proxy element for: DefaultElementLocator 'By.xpath: //*[@id=\"account\"]/div[2]/div/div' (tried for 30 second(s) with 500 milliseconds interval)
	at org.openqa.selenium.support.ui.WebDriverWait.timeoutException(WebDriverWait.java:95)
	at org.openqa.selenium.support.ui.FluentWait.until(FluentWait.java:272)
	at util.ElementUtils.waitForElement(ElementUtils.java:49)
	at util.ElementUtils.getTextFromeWebElement(ElementUtils.java:128)
	at pages.RegisterPage.firstNameWarningMessageAlert(RegisterPage.java:134)
	at testcucumber.Register.warning_messages_should_be_displayed_for_all_mandatory_fields(Register.java:107)
	at java.base/jdk.internal.reflect.NativeMethodAccessorImpl.invoke0(Native Method)
	at java.base/jdk.internal.reflect.NativeMethodAccessorImpl.invoke(NativeMethodAccessorImpl.java:77)
	at java.base/jdk.internal.reflect.DelegatingMethodAccessorImpl.invoke(DelegatingMethodAccessorImpl.java:43)
	at java.base/java.lang.reflect.Method.invoke(Method.java:568)
	at io.cucumber.java.Invoker.doInvoke(Invoker.java:66)
	at io.cucumber.java.Invoker.invoke(Invoker.java:24)
	at io.cucumber.java.AbstractGlueDefinition.invokeMethod(AbstractGlueDefinition.java:47)
	at io.cucumber.java.JavaStepDefinition.execute(JavaStepDefinition.java:29)
	at io.cucumber.core.runner.CoreStepDefinition.execute(CoreStepDefinition.java:66)
	at io.cucumber.core.runner.PickleStepDefinitionMatch.runStep(PickleStepDefinitionMatch.java:62)
	at io.cucumber.core.runner.ExecutionMode$1.execute(ExecutionMode.java:10)
	at io.cucumber.core.runner.TestStep.executeStep(TestStep.java:81)
	at io.cucumber.core.runner.TestStep.run(TestStep.java:53)
	at io.cucumber.core.runner.PickleStepTestStep.run(PickleStepTestStep.java:51)
	at io.cucumber.core.runner.TestCase.run(TestCase.java:86)
	at io.cucumber.core.runner.Runner.runPickle(Runner.java:77)
	at io.cucumber.junit.PickleRunners$NoStepDescriptions.lambda$run$0(PickleRunners.java:151)
	at io.cucumber.core.runtime.CucumberExecutionContext.lambda$runTestCase$5(CucumberExecutionContext.java:136)
	at io.cucumber.core.runtime.RethrowingThrowableCollector.executeAndThrow(RethrowingThrowableCollector.java:23)
	at io.cucumber.core.runtime.CucumberExecutionContext.runTestCase(CucumberExecutionContext.java:136)
	at io.cucumber.junit.PickleRunners$NoStepDescriptions.run(PickleRunners.java:148)
	at io.cucumber.junit.FeatureRunner.runChild(FeatureRunner.java:144)
	at io.cucumber.junit.FeatureRunner.runChild(FeatureRunner.java:28)
	at org.junit.runners.ParentRunner$4.run(ParentRunner.java:331)
	at org.junit.runners.ParentRunner$1.schedule(ParentRunner.java:79)
	at org.junit.runners.ParentRunner.runChildren(ParentRunner.java:329)
	at org.junit.runners.ParentRunner.access$100(ParentRunner.java:66)
	at org.junit.runners.ParentRunner$2.evaluate(ParentRunner.java:293)
	at org.junit.runners.ParentRunner$3.evaluate(ParentRunner.java:306)
	at org.junit.runners.ParentRunner.run(ParentRunner.java:413)
	at io.cucumber.junit.FeatureRunner.run(FeatureRunner.java:137)
	at io.cucumber.junit.Cucumber.runChild(Cucumber.java:199)
	at io.cucumber.junit.Cucumber.runChild(Cucumber.java:89)
	at org.junit.runners.ParentRunner$4.run(ParentRunner.java:331)
	at org.junit.runners.ParentRunner$1.schedule(ParentRunner.java:79)
	at org.junit.runners.ParentRunner.runChildren(ParentRunner.java:329)
	at org.junit.runners.ParentRunner.access$100(ParentRunner.java:66)
	at org.junit.runners.ParentRunner$2.evaluate(ParentRunner.java:293)
	at io.cucumber.core.runtime.CucumberExecutionContext.lambda$runFeatures$6(CucumberExecutionContext.java:147)
	at io.cucumber.core.runtime.CucumberExecutionContext.execute(CucumberExecutionContext.java:162)
	at io.cucumber.core.runtime.CucumberExecutionContext.runFeatures(CucumberExecutionContext.java:145)
	at io.cucumber.junit.Cucumber$StartAndFinishTestRun.evaluate(Cucumber.java:229)
	at org.junit.runners.ParentRunner$3.evaluate(ParentRunner.java:306)
	at org.junit.runners.ParentRunner.run(ParentRunner.java:413)
	at org.apache.maven.surefire.junit4.JUnit4Provider.execute(JUnit4Provider.java:316)
	at org.apache.maven.surefire.junit4.JUnit4Provider.executeWithRerun(JUnit4Provider.java:240)
	at org.apache.maven.surefire.junit4.JUnit4Provider.executeTestSet(JUnit4Provider.java:214)
	at org.apache.maven.surefire.junit4.JUnit4Provider.invoke(JUnit4Provider.java:155)
	at org.apache.maven.surefire.booter.ForkedBooter.runSuitesInProcess(ForkedBooter.java:385)
	at org.apache.maven.surefire.booter.ForkedBooter.execute(ForkedBooter.java:162)
	at org.apache.maven.surefire.booter.ForkedBooter.run(ForkedBooter.java:507)
	at org.apache.maven.surefire.booter.ForkedBooter.main(ForkedBooter.java:495)
Caused by: org.openqa.selenium.InvalidSelectorException: invalid selector: Unable to locate an element with the xpath expression //*[@id=\"account\"]/div[2]/div/div because of the following error:
SyntaxError: Failed to execute 'evaluate' on 'Document': The string '//*[@id=\"account\"]/div[2]/div/div' is not a valid XPath expression.
  (Session info: chrome=137.0.7151.104)
For documentation on this error, please visit: https://www.seleniumhq.org/exceptions/invalid_selector_exception.html
Build info: version: '3.141.59', revision: 'e82be7d358', time: '2018-11-14T08:17:03'
System info: host: 'DESKTOP-8OQ0A4I', ip: '192.168.220.4', os.name: 'Windows 11', os.arch: 'amd64', os.version: '10.0', java.version: '17.0.12'
Driver info: org.openqa.selenium.chrome.ChromeDriver
Capabilities {acceptInsecureCerts: false, browserName: chrome, browserVersion: 137.0.7151.104, chrome: {chromedriverVersion: 136.0.7103.49 (031848bc6ad0..., userDataDir: C:\Users\mohan\AppData\Loca...}, fedcm:accounts: true, goog:chromeOptions: {debuggerAddress: localhost:56550}, javascriptEnabled: true, networkConnectionEnabled: false, pageLoadStrategy: normal, platform: WINDOWS, platformName: WINDOWS, proxy: Proxy(), setWindowRect: true, strictFileInteractability: false, timeouts: {implicit: 0, pageLoad: 300000, script: 30000}, unhandledPromptBehavior: dismiss and notify, webauthn:extension:credBlob: true, webauthn:extension:largeBlob: true, webauthn:extension:minPinLength: true, webauthn:extension:prf: true, webauthn:virtualAuthenticators: true}
Session ID: 62d1a20f43d6aa52c15cf1e688f88e09
*** Element info: {Using=xpath, value=//*[@id=\"account\"]/div[2]/div/div}
	at jdk.internal.reflect.GeneratedConstructorAccessor11.newInstance(Unknown Source)
	at java.base/jdk.internal.reflect.DelegatingConstructorAccessorImpl.newInstance(DelegatingConstructorAccessorImpl.java:45)
	at java.base/java.lang.reflect.Constructor.newInstanceWithCaller(Constructor.java:499)
	at java.base/java.lang.reflect.Constructor.newInstance(Constructor.java:480)
	at org.openqa.selenium.remote.http.W3CHttpResponseCodec.createException(W3CHttpResponseCodec.java:187)
	at org.openqa.selenium.remote.http.W3CHttpResponseCodec.decode(W3CHttpResponseCodec.java:122)
	at org.openqa.selenium.remote.http.W3CHttpResponseCodec.decode(W3CHttpResponseCodec.java:49)
	at org.openqa.selenium.remote.HttpCommandExecutor.execute(HttpCommandExecutor.java:158)
	at org.openqa.selenium.remote.service.DriverCommandExecutor.execute(DriverCommandExecutor.java:83)
	at org.openqa.selenium.remote.RemoteWebDriver.execute(RemoteWebDriver.java:552)
	at org.openqa.selenium.remote.RemoteWebDriver.findElement(RemoteWebDriver.java:323)
	at org.openqa.selenium.remote.RemoteWebDriver.findElementByXPath(RemoteWebDriver.java:428)
	at org.openqa.selenium.By$ByXPath.findElement(By.java:353)
	at org.openqa.selenium.remote.RemoteWebDriver.findElement(RemoteWebDriver.java:315)
	at org.openqa.selenium.support.pagefactory.DefaultElementLocator.findElement(DefaultElementLocator.java:69)
	at org.openqa.selenium.support.pagefactory.internal.LocatingElementHandler.invoke(LocatingElementHandler.java:38)
	at jdk.proxy2/jdk.proxy2.$Proxy21.isDisplayed(Unknown Source)
	at org.openqa.selenium.support.ui.ExpectedConditions.elementIfVisible(ExpectedConditions.java:314)
	at org.openqa.selenium.support.ui.ExpectedConditions.access$000(ExpectedConditions.java:43)
	at org.openqa.selenium.support.ui.ExpectedConditions$10.apply(ExpectedConditions.java:300)
	at org.openqa.selenium.support.ui.ExpectedConditions$10.apply(ExpectedConditions.java:297)
	at org.openqa.selenium.support.ui.ExpectedConditions$23.apply(ExpectedConditions.java:670)
	at org.openqa.selenium.support.ui.ExpectedConditions$23.apply(ExpectedConditions.java:666)
	at org.openqa.selenium.support.ui.FluentWait.until(FluentWait.java:249)
	... 56 more
]]></system-err>
  </testcase>
  <testcase name="Register with duplicate Email Address" classname="Register a new User" time="7.218">
    <system-out><![CDATA[
@all @register @duplicateemail @regression
Scenario: Register with duplicate Email Address                            &amp#27;[90m# src/test/resources/Features/register.feature:37&amp#27;[0m
  &amp#27;[32mGiven &amp#27;[0m&amp#27;[32mUser Navigate to Register Page&amp#27;[0m                                     &amp#27;[90m# testcucumber.Register.user_Navigate_to_Register_Page()&amp#27;[0m
  &amp#27;[32mWhen &amp#27;[0m&amp#27;[32mUser Enters the  below details to fields&amp#27;[0m                            &amp#27;[90m# testcucumber.Register.user_enters_belowdetails_to_fields_sameEmail(io.cucumber.datatable.DataTable)&amp#27;[0m
    | firstname | Remya           |
    | lastname  | Appukuttan      |
    | email     | remyz@gmail.com |
    | telephone | 1234567890      |
    | password  | 1234            |
  &amp#27;[32mAnd &amp#27;[0m&amp#27;[32mSelect Yes for Newsletter&amp#27;[0m                                            &amp#27;[90m# testcucumber.Register.select_yes_for_newsletter()&amp#27;[0m
  &amp#27;[32mAnd &amp#27;[0m&amp#27;[32mSelect Privacy Policy Field&amp#27;[0m                                          &amp#27;[90m# testcucumber.Register.select_Privacy_Policy_Field()&amp#27;[0m
  &amp#27;[32mAnd &amp#27;[0m&amp#27;[32mClick on continue button&amp#27;[0m                                             &amp#27;[90m# testcucumber.Register.click_on_continue_button()&amp#27;[0m
  &amp#27;[32mThen &amp#27;[0m&amp#27;[32mWarning messgae indicating that duplicate email should be displayed&amp#27;[0m &amp#27;[90m# testcucumber.Register.warning_messgae_indicating_that_duplicate_email_should_be_displayed()&amp#27;[0m
]]></system-out>
    <system-err><![CDATA[Starting ChromeDriver 136.0.7103.49 (031848bc6ad02b97854f3d6154d3aefd0434756a-refs/branch-heads/7103@{#1423}) on port 43002
Only local connections are allowed.
Please see https://chromedriver.chromium.org/security-considerations for suggestions on keeping ChromeDriver safe.
ChromeDriver was started successfully on port 43002.
[1750069363.771][WARNING]: This version of ChromeDriver has not been tested with Chrome version 137.
Jun 16, 2025 3:52:43 PM org.openqa.selenium.remote.ProtocolHandshake createSession
INFO: Detected dialect: W3C
]]></system-err>
  </testcase>
  <testcase name="Search with valid productname" classname="Search Functionality" time="3.083">
    <system-out><![CDATA[
@all
Scenario: Search with valid productname                      &amp#27;[90m# src/test/resources/Features/search.feature:7&amp#27;[0m
ChromeDriver: chrome on WINDOWS (796130a43f9953e1e01c480fe823f699)  &amp#27;[32mGiven &amp#27;[0m&amp#27;[32mUser open the application&amp#27;[0m                            &amp#27;[90m# testcucumber.Search.user_open_the_application()&amp#27;[0m
  &amp#27;[32mWhen &amp#27;[0m&amp#27;[32mUser enter the Valid Product in the Search field &amp#27;[0m&amp#27;[32m&amp#27;[1m"HP"&amp#27;[0m &amp#27;[90m# testcucumber.Search.User_enter_the_Valid_Product_in_the_Search_field(java.lang.String)&amp#27;[0m
  &amp#27;[32mAnd &amp#27;[0m&amp#27;[32mUser Clicks on the Search button&amp#27;[0m                       &amp#27;[90m# testcucumber.Search.user_clicks_on_the_search_button()&amp#27;[0m
  &amp#27;[32mThen &amp#27;[0m&amp#27;[32mValid product details is listed after searching&amp#27;[0m       &amp#27;[90m# testcucumber.Search.valid_product_details_is_listed_after_searching()&amp#27;[0m
]]></system-out>
    <system-err><![CDATA[Starting ChromeDriver 136.0.7103.49 (031848bc6ad02b97854f3d6154d3aefd0434756a-refs/branch-heads/7103@{#1423}) on port 52947
Only local connections are allowed.
Please see https://chromedriver.chromium.org/security-considerations for suggestions on keeping ChromeDriver safe.
ChromeDriver was started successfully on port 52947.
[1750069370.967][WARNING]: This version of ChromeDriver has not been tested with Chrome version 137.
Jun 16, 2025 3:52:51 PM org.openqa.selenium.remote.ProtocolHandshake createSession
INFO: Detected dialect: W3C
]]></system-err>
  </testcase>
  <testcase name="Search with Invalid productname" classname="Search Functionality" time="3.131">
    <system-out><![CDATA[
@all
Scenario: Search with Invalid productname                        &amp#27;[90m# src/test/resources/Features/search.feature:13&amp#27;[0m
ChromeDriver: chrome on WINDOWS (5050716d60f6d74a50da4de2ff400e6b)  &amp#27;[32mGiven &amp#27;[0m&amp#27;[32mUser open the application&amp#27;[0m                                &amp#27;[90m# testcucumber.Search.user_open_the_application()&amp#27;[0m
  &amp#27;[32mWhen &amp#27;[0m&amp#27;[32mUser enter the InValid Product in the Search field &amp#27;[0m&amp#27;[32m&amp#27;[1m"Boat"&amp#27;[0m &amp#27;[90m# testcucumber.Search.use_enter_the_invalid_product_in_the_search_field(java.lang.String)&amp#27;[0m
  &amp#27;[32mAnd &amp#27;[0m&amp#27;[32mUser Clicks on the Search button&amp#27;[0m                           &amp#27;[90m# testcucumber.Search.user_clicks_on_the_search_button()&amp#27;[0m
  &amp#27;[32mThen &amp#27;[0m&amp#27;[32mWarning message should displayed about product display&amp#27;[0m    &amp#27;[90m# testcucumber.Search.warning_message_should_displayed_about_product_display()&amp#27;[0m
]]></system-out>
    <system-err><![CDATA[Starting ChromeDriver 136.0.7103.49 (031848bc6ad02b97854f3d6154d3aefd0434756a-refs/branch-heads/7103@{#1423}) on port 48294
Only local connections are allowed.
Please see https://chromedriver.chromium.org/security-considerations for suggestions on keeping ChromeDriver safe.
ChromeDriver was started successfully on port 48294.
[1750069374.073][WARNING]: This version of ChromeDriver has not been tested with Chrome version 137.
Jun 16, 2025 3:52:54 PM org.openqa.selenium.remote.ProtocolHandshake createSession
INFO: Detected dialect: W3C
]]></system-err>
  </testcase>
  <testcase name="Search without any  productname" classname="Search Functionality" time="2.566">
    <system-out><![CDATA[
@all
Scenario: Search without any  productname                     &amp#27;[90m# src/test/resources/Features/search.feature:19&amp#27;[0m
ChromeDriver: chrome on WINDOWS (da2bf11c9ccb2f507d71b3a35be8f9b2)  &amp#27;[32mGiven &amp#27;[0m&amp#27;[32mUser open the application&amp#27;[0m                             &amp#27;[90m# testcucumber.Search.user_open_the_application()&amp#27;[0m
  &amp#27;[32mWhen &amp#27;[0m&amp#27;[32mUser dont enter any product in the search field&amp#27;[0m        &amp#27;[90m# testcucumber.Search.use_dont_enter_any_product_in_the_search_field()&amp#27;[0m
  &amp#27;[32mAnd &amp#27;[0m&amp#27;[32mUser Clicks on the Search button&amp#27;[0m                        &amp#27;[90m# testcucumber.Search.user_clicks_on_the_search_button()&amp#27;[0m
  &amp#27;[32mThen &amp#27;[0m&amp#27;[32mWarning message should displayed about product display&amp#27;[0m &amp#27;[90m# testcucumber.Search.warning_message_should_displayed_about_product_display()&amp#27;[0m
]]></system-out>
    <system-err><![CDATA[Starting ChromeDriver 136.0.7103.49 (031848bc6ad02b97854f3d6154d3aefd0434756a-refs/branch-heads/7103@{#1423}) on port 23687
Only local connections are allowed.
Please see https://chromedriver.chromium.org/security-considerations for suggestions on keeping ChromeDriver safe.
ChromeDriver was started successfully on port 23687.
[1750069377.136][WARNING]: This version of ChromeDriver has not been tested with Chrome version 137.
Jun 16, 2025 3:52:57 PM org.openqa.selenium.remote.ProtocolHandshake createSession
INFO: Detected dialect: W3C
]]></system-err>
  </testcase>
  <testcase name="" classname="runner.TestRunner" time="3.625">
    <error message="java.io.IOException: HTTP request failed:&#10;&gt; GET https://messages.cucumber.io/api/reports&#10;&lt; Transfer-Encoding: chunked&#10;&lt; HTTP/1.1 400 Bad Request&#10;&lt; Server: Netlify&#10;&lt; X-Content-Type-Options: nosniff&#10;&lt; Cache-Status: &quot;Netlify Edge&quot;; fwd=miss&#10;&lt; Cache-Status: &quot;Netlify Durable&quot;; fwd=bypass&#10;&lt; Netlify-Vary: query=__nextDataReq|_rsc,header=x-nextjs-data|x-next-debug-logging|next-router-prefetch|next-router-segment-prefetch|next-router-state-tree|next-url|rsc,cookie=__prerender_bypass|__next_preview_data&#10;&lt; X-Nf-Request-Id: 01JXW470F13YDDN5YXJP59MEAK&#10;&lt; Date: Mon, 16 Jun 2025 10:23:00 GMT&#10;&lt; Strict-Transport-Security: max-age=31536000&#10;&lt; Cache-Control: no-cache&#10;&lt; Vary: RSC,Next-Router-State-Tree,Next-Router-Prefetch,Next-Router-Segment-Prefetch&#10;&lt; Age: 2&#10;&lt; Content-Type: text/plain;charset=UTF-8&#10;&amp;#27;[31m┌──────────────────────────────────────────────────┐&amp;#27;[0m&#10;&amp;#27;[31m│&amp;#27;[0m Private reports are no longer supported.         &amp;#27;[31m│&amp;#27;[0m&#10;&amp;#27;[31m│&amp;#27;[0m You can still publish anonymous (public) reports &amp;#27;[31m│&amp;#27;[0m&#10;&amp;#27;[31m│&amp;#27;[0m by removing the token from your configuration.   &amp;#27;[31m│&amp;#27;[0m&#10;&amp;#27;[31m│&amp;#27;[0m See https://reports.cucumber.io/faqs             &amp;#27;[31m│&amp;#27;[0m&#10;&amp;#27;[31m└──────────────────────────────────────────────────┘&amp;#27;[0m" type="java.lang.IllegalStateException"><![CDATA[java.lang.IllegalStateException: 
java.io.IOException: HTTP request failed:
> GET https://messages.cucumber.io/api/reports
< Transfer-Encoding: chunked
< HTTP/1.1 400 Bad Request
< Server: Netlify
< X-Content-Type-Options: nosniff
< Cache-Status: "Netlify Edge"; fwd=miss
< Cache-Status: "Netlify Durable"; fwd=bypass
< Netlify-Vary: query=__nextDataReq|_rsc,header=x-nextjs-data|x-next-debug-logging|next-router-prefetch|next-router-segment-prefetch|next-router-state-tree|next-url|rsc,cookie=__prerender_bypass|__next_preview_data
< X-Nf-Request-Id: 01JXW470F13YDDN5YXJP59MEAK
< Date: Mon, 16 Jun 2025 10:23:00 GMT
< Strict-Transport-Security: max-age=31536000
< Cache-Control: no-cache
< Vary: RSC,Next-Router-State-Tree,Next-Router-Prefetch,Next-Router-Segment-Prefetch
< Age: 2
< Content-Type: text/plain;charset=UTF-8
&amp#27;[31m┌──────────────────────────────────────────────────┐&amp#27;[0m
&amp#27;[31m│&amp#27;[0m Private reports are no longer supported.         &amp#27;[31m│&amp#27;[0m
&amp#27;[31m│&amp#27;[0m You can still publish anonymous (public) reports &amp#27;[31m│&amp#27;[0m
&amp#27;[31m│&amp#27;[0m by removing the token from your configuration.   &amp#27;[31m│&amp#27;[0m
&amp#27;[31m│&amp#27;[0m See https://reports.cucumber.io/faqs             &amp#27;[31m│&amp#27;[0m
&amp#27;[31m└──────────────────────────────────────────────────┘&amp#27;[0m
	at io.cucumber.core.plugin.MessageFormatter.write(MessageFormatter.java:37)
	at io.cucumber.core.eventbus.AbstractEventPublisher.send(AbstractEventPublisher.java:51)
	at io.cucumber.core.eventbus.AbstractEventBus.send(AbstractEventBus.java:12)
	at io.cucumber.core.runtime.SynchronizedEventBus.send(SynchronizedEventBus.java:47)
	at io.cucumber.core.runtime.CucumberExecutionContext.emitTestRunFinished(CucumberExecutionContext.java:124)
	at io.cucumber.core.runtime.CucumberExecutionContext.finishTestRun(CucumberExecutionContext.java:104)
	at io.cucumber.core.runtime.CucumberExecutionContext.runFeatures(CucumberExecutionContext.java:152)
	at io.cucumber.junit.Cucumber$StartAndFinishTestRun.evaluate(Cucumber.java:229)
	at org.junit.runners.ParentRunner$3.evaluate(ParentRunner.java:306)
	at org.junit.runners.ParentRunner.run(ParentRunner.java:413)
	at org.apache.maven.surefire.junit4.JUnit4Provider.execute(JUnit4Provider.java:316)
	at org.apache.maven.surefire.junit4.JUnit4Provider.executeWithRerun(JUnit4Provider.java:240)
	at org.apache.maven.surefire.junit4.JUnit4Provider.executeTestSet(JUnit4Provider.java:214)
	at org.apache.maven.surefire.junit4.JUnit4Provider.invoke(JUnit4Provider.java:155)
	at org.apache.maven.surefire.booter.ForkedBooter.runSuitesInProcess(ForkedBooter.java:385)
	at org.apache.maven.surefire.booter.ForkedBooter.execute(ForkedBooter.java:162)
	at org.apache.maven.surefire.booter.ForkedBooter.run(ForkedBooter.java:507)
	at org.apache.maven.surefire.booter.ForkedBooter.main(ForkedBooter.java:495)
Caused by: java.io.IOException: HTTP request failed:
> GET https://messages.cucumber.io/api/reports
< Transfer-Encoding: chunked
< HTTP/1.1 400 Bad Request
< Server: Netlify
< X-Content-Type-Options: nosniff
< Cache-Status: "Netlify Edge"; fwd=miss
< Cache-Status: "Netlify Durable"; fwd=bypass
< Netlify-Vary: query=__nextDataReq|_rsc,header=x-nextjs-data|x-next-debug-logging|next-router-prefetch|next-router-segment-prefetch|next-router-state-tree|next-url|rsc,cookie=__prerender_bypass|__next_preview_data
< X-Nf-Request-Id: 01JXW470F13YDDN5YXJP59MEAK
< Date: Mon, 16 Jun 2025 10:23:00 GMT
< Strict-Transport-Security: max-age=31536000
< Cache-Control: no-cache
< Vary: RSC,Next-Router-State-Tree,Next-Router-Prefetch,Next-Router-Segment-Prefetch
< Age: 2
< Content-Type: text/plain;charset=UTF-8
&amp#27;[31m┌──────────────────────────────────────────────────┐&amp#27;[0m
&amp#27;[31m│&amp#27;[0m Private reports are no longer supported.         &amp#27;[31m│&amp#27;[0m
&amp#27;[31m│&amp#27;[0m You can still publish anonymous (public) reports &amp#27;[31m│&amp#27;[0m
&amp#27;[31m│&amp#27;[0m by removing the token from your configuration.   &amp#27;[31m│&amp#27;[0m
&amp#27;[31m│&amp#27;[0m See https://reports.cucumber.io/faqs             &amp#27;[31m│&amp#27;[0m
&amp#27;[31m└──────────────────────────────────────────────────┘&amp#27;[0m
	at io.cucumber.core.plugin.UrlOutputStream.createCurlLikeException(UrlOutputStream.java:150)
	at io.cucumber.core.plugin.UrlOutputStream.getResponseBody(UrlOutputStream.java:135)
	at io.cucumber.core.plugin.UrlOutputStream.sendRequest(UrlOutputStream.java:87)
	at io.cucumber.core.plugin.UrlOutputStream.close(UrlOutputStream.java:65)
	at java.base/sun.nio.cs.StreamEncoder.implClose(StreamEncoder.java:347)
	at java.base/sun.nio.cs.StreamEncoder.close(StreamEncoder.java:169)
	at java.base/java.io.OutputStreamWriter.close(OutputStreamWriter.java:252)
	at io.cucumber.messages.MessageToNdjsonWriter.close(MessageToNdjsonWriter.java:40)
	at io.cucumber.core.plugin.MessageFormatter.write(MessageFormatter.java:35)
	... 17 more
]]></error>
  </testcase>
</testsuite>